<?xml version="1.0" encoding="utf-8"?><testsuites><testsuite name="pytest" errors="0" failures="0" skipped="0" tests="58" time="11.383" timestamp="2025-07-18T18:17:14.553165+02:00" hostname="YK2XR12W2P"><testcase classname="test_llm.TestStudyLLM" name="test_init_success" time="0.120" /><testcase classname="test_llm.TestStudyLLM" name="test_init_with_invalid_path" time="0.002" /><testcase classname="test_llm.TestStudyLLM" name="test_init_with_rag_helper_error" time="0.004" /><testcase classname="test_llm.TestStudyLLM" name="test_prompt_success" time="0.003" /><testcase classname="test_llm.TestStudyLLM" name="test_prompt_with_context_filtering" time="0.002" /><testcase classname="test_llm.TestStudyLLM" name="test_prompt_rag_error" time="0.003" /><testcase classname="test_llm.TestStudyLLM" name="test_prompt_llm_error" time="0.003" /><testcase classname="test_llm.TestStudyLLM" name="test_summarize_success" time="0.004" /><testcase classname="test_llm.TestStudyLLM" name="test_summarize_chain_error" time="0.004" /><testcase classname="test_llm.TestStudyLLM" name="test_generate_flashcards_success" time="0.003" /><testcase classname="test_llm.TestStudyLLM" name="test_generate_flashcards_error" time="0.005" /><testcase classname="test_llm.TestStudyLLM" name="test_generate_quiz_success" time="0.004" /><testcase classname="test_llm.TestStudyLLM" name="test_generate_quiz_error" time="0.004" /><testcase classname="test_llm.TestStudyLLM" name="test_cleanup_success" time="0.004" /><testcase classname="test_llm.TestStudyLLM" name="test_cleanup_with_rag_error" time="0.002" /><testcase classname="test_llm.TestStudyLLM" name="test_multiple_prompt_calls" time="0.003" /><testcase classname="test_llm.TestStudyLLM" name="test_prompt_template_configuration" time="0.002" /><testcase classname="test_llm.TestStudyLLM" name="test_context_retrieval_parameters" time="0.019" /><testcase classname="test_llm.TestStudyLLM" name="test_task_description_in_prompt" time="0.004" /><testcase classname="test_llm.TestStudyLLM" name="test_llm_configuration" time="0.001" /><testcase classname="test_llm.TestStudyLLM" name="test_concurrent_operations" time="0.107" /><testcase classname="test_llm.TestStudyLLM" name="test_error_propagation" time="0.003" /><testcase classname="test_llm.TestStudyLLM" name="test_memory_management" time="0.003" /><testcase classname="test_llm.TestStudyLLMIntegration" name="test_prompt_template_rendering" time="0.004" /><testcase classname="test_llm.TestStudyLLMIntegration" name="test_environment_configuration" time="0.001" /><testcase classname="test_main.TestHealthEndpoint" name="test_health_check_success" time="0.011" /><testcase classname="test_main.TestHealthEndpoint" name="test_health_check_exception" time="0.002" /><testcase classname="test_main.TestSessionManagement" name="test_load_session_success" time="0.003" /><testcase classname="test_main.TestSessionManagement" name="test_load_session_already_exists" time="0.002" /><testcase classname="test_main.TestSessionManagement" name="test_load_session_failure" time="0.003" /><testcase classname="test_main.TestSessionManagement" name="test_load_session_missing_fields" time="0.003" /><testcase classname="test_main.TestChatEndpoint" name="test_chat_success" time="0.003" /><testcase classname="test_main.TestChatEndpoint" name="test_chat_session_not_found" time="0.002" /><testcase classname="test_main.TestChatEndpoint" name="test_chat_llm_error" time="0.003" /><testcase classname="test_main.TestChatEndpoint" name="test_chat_missing_message" time="0.002" /><testcase classname="test_main.TestSummaryEndpoint" name="test_summary_success" time="0.004" /><testcase classname="test_main.TestSummaryEndpoint" name="test_summary_session_not_found" time="0.002" /><testcase classname="test_main.TestSummaryEndpoint" name="test_summary_llm_error" time="0.003" /><testcase classname="test_main.TestQuizEndpoint" name="test_quiz_success" time="0.004" /><testcase classname="test_main.TestQuizEndpoint" name="test_quiz_session_not_found" time="0.003" /><testcase classname="test_main.TestQuizEndpoint" name="test_quiz_llm_error" time="0.004" /><testcase classname="test_main.TestFlashcardEndpoint" name="test_flashcard_success" time="0.004" /><testcase classname="test_main.TestFlashcardEndpoint" name="test_flashcard_session_not_found" time="0.003" /><testcase classname="test_main.TestFlashcardEndpoint" name="test_flashcard_llm_error" time="0.004" /><testcase classname="test_main.TestProcessEndpoint" name="test_process_success" time="0.005" /><testcase classname="test_main.TestProcessEndpoint" name="test_process_existing_session" time="0.003" /><testcase classname="test_main.TestProcessEndpoint" name="test_process_failure" time="0.004" /><testcase classname="test_main.TestProcessEndpoint" name="test_process_with_document_id" time="0.003" /><testcase classname="test_main.TestRequestValidation" name="test_invalid_json" time="0.003" /><testcase classname="test_main.TestRequestValidation" name="test_missing_required_fields" time="0.003" /><testcase classname="test_main.TestRequestValidation" name="test_empty_string_fields" time="0.003" /><testcase classname="test_main.TestRequestValidation" name="test_invalid_base64" time="0.003" /><testcase classname="test_main.TestConcurrency" name="test_concurrent_session_creation" time="0.005" /><testcase classname="test_main.TestConcurrency" name="test_concurrent_chat_requests" time="0.004" /><testcase classname="test_main.TestErrorHandling" name="test_unhandled_exception_in_endpoint" time="0.006" /><testcase classname="test_main.TestErrorHandling" name="test_cleanup_on_application_shutdown" time="0.001" /><testcase classname="test_main.TestMetrics" name="test_metrics_endpoint_exists" time="0.003" /><testcase classname="test_main.TestMetrics" name="test_metrics_instrumentation" time="0.004" /></testsuite></testsuites>